MATLAB is selecting SOFTWARE OPENGL rendering.

                            < M A T L A B (R) >
                  Copyright 1984-2022 The MathWorks, Inc.
             R2022b Update 1 (9.13.0.2080170) 64-bit (glnxa64)
                             September 28, 2022

 
To get started, type doc.
For product information, visit www.mathworks.com.
 
res_norm = 0.000486 after 100 iterations
res_norm = 0.000045 after 200 iterations
Safeguard invoked 0 times!
Problem solved in 210 iterations
res_norm = 0.000635 after 100 iterations
Safeguard invoked 0 times!
Problem solved in 195 iterations
res_norm = 0.000178 after 100 iterations
Safeguard invoked 0 times!
Problem solved in 186 iterations
res_norm = 0.000620 after 100 iterations
Safeguard invoked 0 times!
Problem solved in 163 iterations
res_norm = 0.000161 after 100 iterations
Safeguard invoked 0 times!
Problem solved in 168 iterations
res_norm = 0.000196 after 100 iterations
res_norm = 0.000021 after 200 iterations
Safeguard invoked 0 times!
Problem solved in 202 iterations
res_norm = 0.000433 after 100 iterations
Safeguard invoked 0 times!
Problem solved in 162 iterations
res_norm = 0.000164 after 100 iterations
Safeguard invoked 0 times!
Problem solved in 169 iterations
res_norm = 0.000296 after 100 iterations
Safeguard invoked 0 times!
Problem solved in 179 iterations
res_norm = 0.000265 after 100 iterations
Safeguard invoked 0 times!
Problem solved in 191 iterations
res_norm = 0.000315 after 100 iterations
Safeguard invoked 0 times!
Problem solved in 191 iterations
res_norm = 0.000639 after 100 iterations
Safeguard invoked 0 times!
Problem solved in 148 iterations
res_norm = 0.000096 after 100 iterations
Safeguard invoked 0 times!
Problem solved in 126 iterations
res_norm = 0.000073 after 100 iterations
Safeguard invoked 0 times!
Problem solved in 128 iterations
res_norm = 0.000083 after 100 iterations
Safeguard invoked 0 times!
Problem solved in 126 iterations
res_norm = 0.000102 after 100 iterations
Safeguard invoked 0 times!
Problem solved in 126 iterations
res_norm = 0.000242 after 100 iterations
Safeguard invoked 0 times!
Problem solved in 159 iterations
res_norm = 0.000308 after 100 iterations
Safeguard invoked 0 times!
Problem solved in 179 iterations
res_norm = 0.000291 after 100 iterations
Safeguard invoked 0 times!
Problem solved in 145 iterations
res_norm = 0.000280 after 100 iterations
Safeguard invoked 0 times!
Problem solved in 142 iterations
res_norm = 0.000473 after 100 iterations
Safeguard invoked 0 times!
Problem solved in 129 iterations
res_norm = 0.000153 after 100 iterations
Safeguard invoked 0 times!
Problem solved in 139 iterations
res_norm = 0.000072 after 100 iterations
Safeguard invoked 0 times!
Problem solved in 119 iterations
res_norm = 0.000046 after 100 iterations
Safeguard invoked 0 times!
Problem solved in 109 iterations
res_norm = 0.000050 after 100 iterations
Safeguard invoked 0 times!
Problem solved in 110 iterations
res_norm = 0.000038 after 100 iterations
Safeguard invoked 0 times!
Problem solved in 105 iterations
res_norm = 0.000053 after 100 iterations
Safeguard invoked 0 times!
Problem solved in 112 iterations
res_norm = 0.000085 after 100 iterations
Safeguard invoked 0 times!
Problem solved in 115 iterations
res_norm = 0.000077 after 100 iterations
Safeguard invoked 0 times!
Problem solved in 121 iterations
res_norm = 0.000131 after 100 iterations
Safeguard invoked 0 times!
Problem solved in 125 iterations
Safeguard invoked 0 times!
Problem solved in 99 iterations
res_norm = 0.000026 after 100 iterations
Safeguard invoked 0 times!
Problem solved in 100 iterations
res_norm = 0.000051 after 100 iterations
Safeguard invoked 0 times!
Problem solved in 111 iterations
res_norm = 0.000072 after 100 iterations
Safeguard invoked 0 times!
Problem solved in 133 iterations
res_norm = 0.000067 after 100 iterations
Safeguard invoked 0 times!
Problem solved in 130 iterations
Safeguard invoked 0 times!
Problem solved in 95 iterations
Safeguard invoked 0 times!
Problem solved in 97 iterations
Safeguard invoked 0 times!
Problem solved in 96 iterations
Safeguard invoked 0 times!
Problem solved in 98 iterations
Safeguard invoked 0 times!
Problem solved in 96 iterations
Safeguard invoked 0 times!
Problem solved in 92 iterations
res_norm = 0.000055 after 100 iterations
Safeguard invoked 0 times!
Problem solved in 121 iterations
Safeguard invoked 0 times!
Problem solved in 92 iterations
res_norm = 0.000033 after 100 iterations
Safeguard invoked 0 times!
Problem solved in 106 iterations
res_norm = 0.000047 after 100 iterations
Safeguard invoked 0 times!
Problem solved in 116 iterations
Safeguard invoked 0 times!
Problem solved in 96 iterations
res_norm = 0.000042 after 100 iterations
Safeguard invoked 0 times!
Problem solved in 112 iterations
res_norm = 0.000040 after 100 iterations
Safeguard invoked 0 times!
Problem solved in 112 iterations
res_norm = 0.000033 after 100 iterations
Safeguard invoked 0 times!
Problem solved in 107 iterations
res_norm = 0.000045 after 100 iterations
Safeguard invoked 0 times!
Problem solved in 116 iterations
Safeguard invoked 0 times!
Problem solved in 90 iterations
Safeguard invoked 0 times!
Problem solved in 86 iterations
Safeguard invoked 0 times!
Problem solved in 82 iterations
Safeguard invoked 0 times!
Problem solved in 80 iterations
Safeguard invoked 0 times!
Problem solved in 83 iterations
Safeguard invoked 0 times!
Problem solved in 93 iterations
Safeguard invoked 0 times!
Problem solved in 77 iterations
Safeguard invoked 0 times!
Problem solved in 79 iterations
Safeguard invoked 0 times!
Problem solved in 81 iterations
Safeguard invoked 0 times!
Problem solved in 93 iterations
Safeguard invoked 0 times!
Problem solved in 66 iterations
Safeguard invoked 0 times!
Problem solved in 58 iterations
Safeguard invoked 0 times!
Problem solved in 64 iterations
Safeguard invoked 0 times!
Problem solved in 64 iterations
Safeguard invoked 0 times!
Problem solved in 58 iterations
Safeguard invoked 0 times!
Problem solved in 62 iterations
Safeguard invoked 0 times!
Problem solved in 57 iterations
Safeguard invoked 0 times!
Problem solved in 58 iterations
Safeguard invoked 0 times!
Problem solved in 58 iterations
Safeguard invoked 0 times!
Problem solved in 61 iterations
Safeguard invoked 0 times!
Problem solved in 45 iterations
Safeguard invoked 0 times!
Problem solved in 47 iterations
Safeguard invoked 0 times!
Problem solved in 48 iterations
Safeguard invoked 0 times!
Problem solved in 46 iterations
Safeguard invoked 0 times!
Problem solved in 45 iterations
Safeguard invoked 0 times!
Problem solved in 46 iterations
Safeguard invoked 0 times!
Problem solved in 45 iterations
Safeguard invoked 0 times!
Problem solved in 46 iterations
Safeguard invoked 0 times!
Problem solved in 46 iterations
Safeguard invoked 0 times!
Problem solved in 46 iterations
Safeguard invoked 0 times!
Problem solved in 33 iterations
Safeguard invoked 0 times!
Problem solved in 34 iterations
Safeguard invoked 0 times!
Problem solved in 34 iterations
Safeguard invoked 0 times!
Problem solved in 34 iterations
Safeguard invoked 0 times!
Problem solved in 34 iterations
Safeguard invoked 0 times!
Problem solved in 34 iterations
Safeguard invoked 0 times!
Problem solved in 33 iterations
Safeguard invoked 0 times!
Problem solved in 34 iterations
Safeguard invoked 0 times!
Problem solved in 34 iterations
Safeguard invoked 0 times!
Problem solved in 33 iterations
Safeguard invoked 0 times!
Problem solved in 24 iterations
Safeguard invoked 0 times!
Problem solved in 25 iterations
Safeguard invoked 0 times!
Problem solved in 25 iterations
Safeguard invoked 0 times!
Problem solved in 25 iterations
Safeguard invoked 0 times!
Problem solved in 25 iterations
Safeguard invoked 0 times!
Problem solved in 24 iterations
Safeguard invoked 0 times!
Problem solved in 25 iterations
Safeguard invoked 0 times!
Problem solved in 25 iterations
Safeguard invoked 0 times!
Problem solved in 25 iterations
Safeguard invoked 0 times!
Problem solved in 24 iterations
res_norm = 0.000953 after 100 iterations
Safeguard invoked 0 times!
Problem solved in 183 iterations
res_norm = 0.000358 after 100 iterations
Safeguard invoked 0 times!
Problem solved in 193 iterations
res_norm = 0.000478 after 100 iterations
res_norm = 0.000189 after 200 iterations
Safeguard invoked 0 times!
Problem solved in 229 iterations
res_norm = 0.001053 after 100 iterations
Safeguard invoked 0 times!
Problem solved in 177 iterations
res_norm = 0.001239 after 100 iterations
res_norm = 0.000064 after 200 iterations
Safeguard invoked 0 times!
Problem solved in 208 iterations
res_norm = 0.001547 after 100 iterations
res_norm = 0.000039 after 200 iterations
Safeguard invoked 0 times!
Problem solved in 205 iterations
res_norm = 0.000693 after 100 iterations
res_norm = 0.000046 after 200 iterations
Safeguard invoked 0 times!
Problem solved in 224 iterations
res_norm = 0.001499 after 100 iterations
res_norm = 0.000104 after 200 iterations
Safeguard invoked 0 times!
Problem solved in 218 iterations
res_norm = 0.000245 after 100 iterations
Safeguard invoked 0 times!
Problem solved in 167 iterations
res_norm = 0.001338 after 100 iterations
res_norm = 0.000029 after 200 iterations
Safeguard invoked 0 times!
Problem solved in 200 iterations
res_norm = 0.000712 after 100 iterations
Safeguard invoked 0 times!
Problem solved in 199 iterations
res_norm = 0.000263 after 100 iterations
Safeguard invoked 0 times!
Problem solved in 157 iterations
res_norm = 0.000869 after 100 iterations
Safeguard invoked 0 times!
Problem solved in 173 iterations
res_norm = 0.000124 after 100 iterations
Safeguard invoked 0 times!
Problem solved in 144 iterations
res_norm = 0.000435 after 100 iterations
Safeguard invoked 0 times!
Problem solved in 184 iterations
res_norm = 0.001228 after 100 iterations
res_norm = 0.000035 after 200 iterations
Safeguard invoked 0 times!
Problem solved in 215 iterations
res_norm = 0.000410 after 100 iterations
Safeguard invoked 0 times!
Problem solved in 165 iterations
res_norm = 0.000271 after 100 iterations
Safeguard invoked 0 times!
Problem solved in 158 iterations
res_norm = 0.000150 after 100 iterations
Safeguard invoked 0 times!
Problem solved in 157 iterations
res_norm = 0.000289 after 100 iterations
Safeguard invoked 0 times!
Problem solved in 158 iterations
res_norm = 0.000112 after 100 iterations
Safeguard invoked 0 times!
Problem solved in 133 iterations
res_norm = 0.000081 after 100 iterations
Safeguard invoked 0 times!
Problem solved in 118 iterations
res_norm = 0.000093 after 100 iterations
Safeguard invoked 0 times!
Problem solved in 126 iterations
res_norm = 0.000489 after 100 iterations
Safeguard invoked 0 times!
Problem solved in 159 iterations
res_norm = 0.000998 after 100 iterations
Safeguard invoked 0 times!
Problem solved in 135 iterations
res_norm = 0.000098 after 100 iterations
Safeguard invoked 0 times!
Problem solved in 136 iterations
res_norm = 0.000224 after 100 iterations
Safeguard invoked 0 times!
Problem solved in 137 iterations
res_norm = 0.000164 after 100 iterations
Safeguard invoked 0 times!
Problem solved in 145 iterations
res_norm = 0.001115 after 100 iterations
Safeguard invoked 0 times!
Problem solved in 158 iterations
res_norm = 0.000205 after 100 iterations
Safeguard invoked 0 times!
Problem solved in 133 iterations
res_norm = 0.000150 after 100 iterations
Safeguard invoked 0 times!
Problem solved in 129 iterations
res_norm = 0.000060 after 100 iterations
Safeguard invoked 0 times!
Problem solved in 120 iterations
res_norm = 0.000088 after 100 iterations
Safeguard invoked 0 times!
Problem solved in 109 iterations
res_norm = 0.000506 after 100 iterations
Safeguard invoked 0 times!
Problem solved in 122 iterations
Safeguard invoked 0 times!
Problem solved in 99 iterations
res_norm = 0.000034 after 100 iterations
Safeguard invoked 0 times!
Problem solved in 107 iterations
res_norm = 0.000055 after 100 iterations
Safeguard invoked 0 times!
Problem solved in 116 iterations
res_norm = 0.000036 after 100 iterations
Safeguard invoked 0 times!
Problem solved in 107 iterations
res_norm = 0.000039 after 100 iterations
Safeguard invoked 0 times!
Problem solved in 108 iterations
res_norm = 0.000044 after 100 iterations
Safeguard invoked 0 times!
Problem solved in 111 iterations
Safeguard invoked 0 times!
Problem solved in 82 iterations
Safeguard invoked 0 times!
Problem solved in 78 iterations
Safeguard invoked 0 times!
Problem solved in 80 iterations
Safeguard invoked 0 times!
Problem solved in 80 iterations
Safeguard invoked 0 times!
Problem solved in 74 iterations
Safeguard invoked 0 times!
Problem solved in 82 iterations
Safeguard invoked 0 times!
Problem solved in 80 iterations
Safeguard invoked 0 times!
Problem solved in 85 iterations
Safeguard invoked 0 times!
Problem solved in 86 iterations
Safeguard invoked 0 times!
Problem solved in 83 iterations
Safeguard invoked 0 times!
Problem solved in 63 iterations
Safeguard invoked 0 times!
Problem solved in 63 iterations
Safeguard invoked 0 times!
Problem solved in 63 iterations
Safeguard invoked 0 times!
Problem solved in 62 iterations
Safeguard invoked 0 times!
Problem solved in 76 iterations
Safeguard invoked 0 times!
Problem solved in 63 iterations
Safeguard invoked 0 times!
Problem solved in 67 iterations
Safeguard invoked 0 times!
Problem solved in 63 iterations
Safeguard invoked 0 times!
Problem solved in 62 iterations
Safeguard invoked 0 times!
Problem solved in 70 iterations
Safeguard invoked 0 times!
Problem solved in 55 iterations
Safeguard invoked 0 times!
Problem solved in 53 iterations
Safeguard invoked 0 times!
Problem solved in 54 iterations
Safeguard invoked 0 times!
Problem solved in 52 iterations
Safeguard invoked 0 times!
Problem solved in 52 iterations
Safeguard invoked 0 times!
Problem solved in 54 iterations
Safeguard invoked 0 times!
Problem solved in 51 iterations
Safeguard invoked 0 times!
Problem solved in 53 iterations
Safeguard invoked 0 times!
Problem solved in 53 iterations
Safeguard invoked 0 times!
Problem solved in 53 iterations
Safeguard invoked 0 times!
Problem solved in 41 iterations
Safeguard invoked 0 times!
Problem solved in 43 iterations
Safeguard invoked 0 times!
Problem solved in 43 iterations
Safeguard invoked 0 times!
Problem solved in 41 iterations
Safeguard invoked 0 times!
Problem solved in 42 iterations
Safeguard invoked 0 times!
Problem solved in 43 iterations
Safeguard invoked 0 times!
Problem solved in 41 iterations
Safeguard invoked 0 times!
Problem solved in 43 iterations
Safeguard invoked 0 times!
Problem solved in 42 iterations
Safeguard invoked 0 times!
Problem solved in 42 iterations
Safeguard invoked 0 times!
Problem solved in 31 iterations
Safeguard invoked 0 times!
Problem solved in 32 iterations
Safeguard invoked 0 times!
Problem solved in 32 iterations
Safeguard invoked 0 times!
Problem solved in 32 iterations
Safeguard invoked 0 times!
Problem solved in 32 iterations
Safeguard invoked 0 times!
Problem solved in 32 iterations
Safeguard invoked 0 times!
Problem solved in 32 iterations
Safeguard invoked 0 times!
Problem solved in 32 iterations
Safeguard invoked 0 times!
Problem solved in 32 iterations
Safeguard invoked 0 times!
Problem solved in 31 iterations
Safeguard invoked 0 times!
Problem solved in 24 iterations
Safeguard invoked 0 times!
Problem solved in 24 iterations
Safeguard invoked 0 times!
Problem solved in 24 iterations
Safeguard invoked 0 times!
Problem solved in 24 iterations
Safeguard invoked 0 times!
Problem solved in 24 iterations
Safeguard invoked 0 times!
Problem solved in 24 iterations
Safeguard invoked 0 times!
Problem solved in 25 iterations
Safeguard invoked 0 times!
Problem solved in 24 iterations
Safeguard invoked 0 times!
Problem solved in 25 iterations
Safeguard invoked 0 times!
Problem solved in 24 iterations
res_norm = 0.001624 after 100 iterations
Safeguard invoked 1 times!
Problem solved in 190 iterations
res_norm = 0.000862 after 100 iterations
res_norm = 0.000154 after 200 iterations
Safeguard invoked 1 times!
Problem solved in 210 iterations
res_norm = 0.001429 after 100 iterations
Safeguard invoked 0 times!
Problem solved in 189 iterations
res_norm = 0.000664 after 100 iterations
res_norm = 0.000070 after 200 iterations
Safeguard invoked 0 times!
Problem solved in 220 iterations
res_norm = 0.000686 after 100 iterations
res_norm = 0.000174 after 200 iterations
Safeguard invoked 0 times!
Problem solved in 207 iterations
res_norm = 0.001124 after 100 iterations
Safeguard invoked 0 times!
Problem solved in 186 iterations
res_norm = 0.001016 after 100 iterations
res_norm = 0.000026 after 200 iterations
Safeguard invoked 0 times!
Problem solved in 204 iterations
res_norm = 0.001253 after 100 iterations
Safeguard invoked 0 times!
Problem solved in 196 iterations
res_norm = 0.001902 after 100 iterations
res_norm = 0.000032 after 200 iterations
Safeguard invoked 0 times!
Problem solved in 208 iterations
res_norm = 0.000872 after 100 iterations
res_norm = 0.000158 after 200 iterations
Safeguard invoked 0 times!
Problem solved in 216 iterations
res_norm = 0.001814 after 100 iterations
Safeguard invoked 0 times!
Problem solved in 192 iterations
res_norm = 0.000404 after 100 iterations
Safeguard invoked 0 times!
Problem solved in 167 iterations
res_norm = 0.002377 after 100 iterations
res_norm = 0.000149 after 200 iterations
Safeguard invoked 0 times!
Problem solved in 262 iterations
res_norm = 0.000571 after 100 iterations
Safeguard invoked 0 times!
Problem solved in 183 iterations
res_norm = 0.000414 after 100 iterations
Safeguard invoked 0 times!
Problem solved in 160 iterations
res_norm = 0.000391 after 100 iterations
Safeguard invoked 0 times!
Problem solved in 157 iterations
res_norm = 0.000934 after 100 iterations
Safeguard invoked 0 times!
Problem solved in 197 iterations
res_norm = 0.000392 after 100 iterations
Safeguard invoked 0 times!
Problem solved in 184 iterations
res_norm = 0.000787 after 100 iterations
Safeguard invoked 0 times!
Problem solved in 174 iterations
res_norm = 0.001130 after 100 iterations
Safeguard invoked 0 times!
Problem solved in 179 iterations
res_norm = 0.000301 after 100 iterations
Safeguard invoked 0 times!
Problem solved in 147 iterations
res_norm = 0.000121 after 100 iterations
Safeguard invoked 0 times!
Problem solved in 135 iterations
res_norm = 0.000165 after 100 iterations
Safeguard invoked 0 times!
Problem solved in 154 iterations
res_norm = 0.001178 after 100 iterations
Safeguard invoked 0 times!
Problem solved in 144 iterations
res_norm = 0.000656 after 100 iterations
Safeguard invoked 0 times!
Problem solved in 167 iterations
res_norm = 0.000490 after 100 iterations
Safeguard invoked 0 times!
Problem solved in 151 iterations
res_norm = 0.000554 after 100 iterations
Safeguard invoked 0 times!
Problem solved in 169 iterations
res_norm = 0.000240 after 100 iterations
Safeguard invoked 0 times!
Problem solved in 166 iterations
res_norm = 0.000160 after 100 iterations
Safeguard invoked 0 times!
Problem solved in 154 iterations
res_norm = 0.000222 after 100 iterations
Safeguard invoked 0 times!
Problem solved in 161 iterations
res_norm = 0.000155 after 100 iterations
Safeguard invoked 0 times!
Problem solved in 167 iterations
res_norm = 0.000549 after 100 iterations
Safeguard invoked 0 times!
Problem solved in 134 iterations
res_norm = 0.000051 after 100 iterations
Safeguard invoked 0 times!
Problem solved in 113 iterations
res_norm = 0.000041 after 100 iterations
Safeguard invoked 0 times!
Problem solved in 111 iterations
res_norm = 0.000052 after 100 iterations
Safeguard invoked 0 times!
Problem solved in 119 iterations
res_norm = 0.000066 after 100 iterations
Safeguard invoked 0 times!
Problem solved in 119 iterations
res_norm = 0.000194 after 100 iterations
Safeguard invoked 0 times!
Problem solved in 128 iterations
res_norm = 0.000053 after 100 iterations
Safeguard invoked 0 times!
Problem solved in 109 iterations
res_norm = 0.000372 after 100 iterations
Safeguard invoked 0 times!
Problem solved in 151 iterations
res_norm = 0.000074 after 100 iterations
Safeguard invoked 0 times!
Problem solved in 126 iterations
res_norm = 0.000110 after 100 iterations
Safeguard invoked 0 times!
Problem solved in 120 iterations
Safeguard invoked 0 times!
Problem solved in 89 iterations
Safeguard invoked 0 times!
Problem solved in 98 iterations
Safeguard invoked 0 times!
Problem solved in 88 iterations
Safeguard invoked 0 times!
Problem solved in 91 iterations
Safeguard invoked 0 times!
Problem solved in 85 iterations
Safeguard invoked 0 times!
Problem solved in 90 iterations
Safeguard invoked 0 times!
Problem solved in 90 iterations
Safeguard invoked 0 times!
Problem solved in 89 iterations
Safeguard invoked 0 times!
Problem solved in 99 iterations
Safeguard invoked 0 times!
Problem solved in 64 iterations
Safeguard invoked 0 times!
Problem solved in 61 iterations
Safeguard invoked 0 times!
Problem solved in 62 iterations
Safeguard invoked 0 times!
Problem solved in 60 iterations
Safeguard invoked 0 times!
Problem solved in 59 iterations
Safeguard invoked 0 times!
Problem solved in 65 iterations
Safeguard invoked 0 times!
Problem solved in 63 iterations
Safeguard invoked 0 times!
Problem solved in 66 iterations
Safeguard invoked 0 times!
Problem solved in 64 iterations
Safeguard invoked 0 times!
Problem solved in 63 iterations
Safeguard invoked 0 times!
Problem solved in 47 iterations
Safeguard invoked 0 times!
Problem solved in 48 iterations
Safeguard invoked 0 times!
Problem solved in 49 iterations
Safeguard invoked 0 times!
Problem solved in 47 iterations
Safeguard invoked 0 times!
Problem solved in 49 iterations
Safeguard invoked 0 times!
Problem solved in 47 iterations
Safeguard invoked 0 times!
Problem solved in 48 iterations
Safeguard invoked 0 times!
Problem solved in 49 iterations
Safeguard invoked 0 times!
Problem solved in 48 iterations
Safeguard invoked 0 times!
Problem solved in 47 iterations
Safeguard invoked 0 times!
Problem solved in 38 iterations
Safeguard invoked 0 times!
Problem solved in 45 iterations
Safeguard invoked 0 times!
Problem solved in 41 iterations
Safeguard invoked 0 times!
Problem solved in 39 iterations
Safeguard invoked 0 times!
Problem solved in 40 iterations
Safeguard invoked 0 times!
Problem solved in 39 iterations
Safeguard invoked 0 times!
Problem solved in 43 iterations
Safeguard invoked 0 times!
Problem solved in 40 iterations
Safeguard invoked 0 times!
Problem solved in 40 iterations
Safeguard invoked 0 times!
Problem solved in 40 iterations
Safeguard invoked 0 times!
Problem solved in 31 iterations
Safeguard invoked 0 times!
Problem solved in 31 iterations
Safeguard invoked 0 times!
Problem solved in 30 iterations
Safeguard invoked 0 times!
Problem solved in 33 iterations
Safeguard invoked 0 times!
Problem solved in 32 iterations
Safeguard invoked 0 times!
Problem solved in 32 iterations
Safeguard invoked 0 times!
Problem solved in 31 iterations
Safeguard invoked 0 times!
Problem solved in 32 iterations
Safeguard invoked 0 times!
Problem solved in 31 iterations
Safeguard invoked 0 times!
Problem solved in 31 iterations
Safeguard invoked 0 times!
Problem solved in 25 iterations
Safeguard invoked 0 times!
Problem solved in 24 iterations
Safeguard invoked 0 times!
Problem solved in 24 iterations
Safeguard invoked 0 times!
Problem solved in 25 iterations
Safeguard invoked 0 times!
Problem solved in 24 iterations
Safeguard invoked 0 times!
Problem solved in 25 iterations
Safeguard invoked 0 times!
Problem solved in 26 iterations
Safeguard invoked 0 times!
Problem solved in 25 iterations
Safeguard invoked 0 times!
Problem solved in 24 iterations
Safeguard invoked 0 times!
Problem solved in 24 iterations
res_norm = 0.001225 after 100 iterations
Safeguard invoked 2 times!
Problem solved in 192 iterations
res_norm = 0.001468 after 100 iterations
Safeguard invoked 3 times!
Problem solved in 188 iterations
res_norm = 0.000810 after 100 iterations
Safeguard invoked 4 times!
Problem solved in 168 iterations
res_norm = 0.000811 after 100 iterations
Safeguard invoked 2 times!
Problem solved in 171 iterations
res_norm = 0.001474 after 100 iterations
Safeguard invoked 3 times!
Problem solved in 193 iterations
res_norm = 0.000718 after 100 iterations
res_norm = 0.000017 after 200 iterations
Safeguard invoked 3 times!
Problem solved in 204 iterations
res_norm = 0.001847 after 100 iterations
res_norm = 0.000069 after 200 iterations
Safeguard invoked 3 times!
Problem solved in 225 iterations
res_norm = 0.000321 after 100 iterations
Safeguard invoked 2 times!
Problem solved in 181 iterations
res_norm = 0.000522 after 100 iterations
Safeguard invoked 2 times!
Problem solved in 179 iterations
res_norm = 0.001299 after 100 iterations
res_norm = 0.000050 after 200 iterations
Safeguard invoked 2 times!
Problem solved in 213 iterations
res_norm = 0.000646 after 100 iterations
Safeguard invoked 2 times!
Problem solved in 198 iterations
res_norm = 0.000192 after 100 iterations
Safeguard invoked 2 times!
Problem solved in 143 iterations
res_norm = 0.001262 after 100 iterations
Safeguard invoked 2 times!
Problem solved in 199 iterations
res_norm = 0.000438 after 100 iterations
Safeguard invoked 0 times!
Problem solved in 185 iterations
res_norm = 0.000794 after 100 iterations
Safeguard invoked 1 times!
Problem solved in 168 iterations
res_norm = 0.002637 after 100 iterations
Safeguard invoked 3 times!
Problem solved in 161 iterations
res_norm = 0.000545 after 100 iterations
Safeguard invoked 0 times!
Problem solved in 182 iterations
res_norm = 0.001065 after 100 iterations
Safeguard invoked 3 times!
Problem solved in 180 iterations
res_norm = 0.000585 after 100 iterations
Safeguard invoked 2 times!
Problem solved in 172 iterations
res_norm = 0.001433 after 100 iterations
Safeguard invoked 1 times!
Problem solved in 152 iterations
res_norm = 0.000738 after 100 iterations
Safeguard invoked 0 times!
Problem solved in 199 iterations
res_norm = 0.000106 after 100 iterations
Safeguard invoked 0 times!
Problem solved in 135 iterations
res_norm = 0.000651 after 100 iterations
Safeguard invoked 3 times!
Problem solved in 170 iterations
res_norm = 0.000105 after 100 iterations
Safeguard invoked 1 times!
Problem solved in 134 iterations
res_norm = 0.000516 after 100 iterations
Safeguard invoked 2 times!
Problem solved in 151 iterations
res_norm = 0.000299 after 100 iterations
Safeguard invoked 1 times!
Problem solved in 181 iterations
res_norm = 0.000221 after 100 iterations
Safeguard invoked 0 times!
Problem solved in 155 iterations
res_norm = 0.000901 after 100 iterations
Safeguard invoked 0 times!
Problem solved in 186 iterations
res_norm = 0.000522 after 100 iterations
Safeguard invoked 0 times!
Problem solved in 190 iterations
res_norm = 0.000388 after 100 iterations
Safeguard invoked 0 times!
Problem solved in 180 iterations
res_norm = 0.000191 after 100 iterations
Safeguard invoked 2 times!
Problem solved in 126 iterations
res_norm = 0.000053 after 100 iterations
Safeguard invoked 0 times!
Problem solved in 137 iterations
res_norm = 0.000110 after 100 iterations
Safeguard invoked 0 times!
Problem solved in 129 iterations
res_norm = 0.000179 after 100 iterations
Safeguard invoked 0 times!
Problem solved in 138 iterations
res_norm = 0.000029 after 100 iterations
Safeguard invoked 0 times!
Problem solved in 114 iterations
res_norm = 0.000131 after 100 iterations
Safeguard invoked 1 times!
Problem solved in 154 iterations
res_norm = 0.000105 after 100 iterations
Safeguard invoked 0 times!
Problem solved in 116 iterations
res_norm = 0.000111 after 100 iterations
Safeguard invoked 1 times!
Problem solved in 121 iterations
res_norm = 0.000075 after 100 iterations
Safeguard invoked 0 times!
Problem solved in 124 iterations
res_norm = 0.000076 after 100 iterations
Safeguard invoked 0 times!
Problem solved in 128 iterations
Safeguard invoked 0 times!
Problem solved in 88 iterations
res_norm = 0.000008 after 100 iterations
Safeguard invoked 0 times!
Problem solved in 103 iterations
res_norm = 0.000014 after 100 iterations
Safeguard invoked 0 times!
Problem solved in 100 iterations
res_norm = 0.000020 after 100 iterations
Safeguard invoked 0 times!
Problem solved in 110 iterations
Safeguard invoked 0 times!
Problem solved in 86 iterations
Safeguard invoked 0 times!
Problem solved in 89 iterations
Safeguard invoked 0 times!
Problem solved in 99 iterations
Safeguard invoked 0 times!
Problem solved in 87 iterations
res_norm = 0.000023 after 100 iterations
Safeguard invoked 0 times!
Problem solved in 106 iterations
res_norm = 0.000025 after 100 iterations
Safeguard invoked 0 times!
Problem solved in 144 iterations
Safeguard invoked 0 times!
Problem solved in 66 iterations
Safeguard invoked 0 times!
Problem solved in 75 iterations
Safeguard invoked 0 times!
Problem solved in 69 iterations
Safeguard invoked 0 times!
Problem solved in 67 iterations
Safeguard invoked 0 times!
Problem solved in 64 iterations
Safeguard invoked 0 times!
Problem solved in 68 iterations
Safeguard invoked 0 times!
Problem solved in 68 iterations
Safeguard invoked 0 times!
Problem solved in 72 iterations
Safeguard invoked 0 times!
Problem solved in 63 iterations
Safeguard invoked 0 times!
Problem solved in 58 iterations
Safeguard invoked 0 times!
Problem solved in 47 iterations
Safeguard invoked 0 times!
Problem solved in 46 iterations
Safeguard invoked 0 times!
Problem solved in 46 iterations
Safeguard invoked 0 times!
Problem solved in 48 iterations
Safeguard invoked 0 times!
Problem solved in 46 iterations
Safeguard invoked 0 times!
Problem solved in 49 iterations
Safeguard invoked 0 times!
Problem solved in 46 iterations
Safeguard invoked 0 times!
Problem solved in 51 iterations
Safeguard invoked 0 times!
Problem solved in 46 iterations
Safeguard invoked 0 times!
Problem solved in 45 iterations
Safeguard invoked 0 times!
Problem solved in 37 iterations
Safeguard invoked 0 times!
Problem solved in 39 iterations
Safeguard invoked 0 times!
Problem solved in 37 iterations
Safeguard invoked 0 times!
Problem solved in 39 iterations
Safeguard invoked 0 times!
Problem solved in 38 iterations
Safeguard invoked 0 times!
Problem solved in 37 iterations
Safeguard invoked 0 times!
Problem solved in 40 iterations
Safeguard invoked 0 times!
Problem solved in 38 iterations
Safeguard invoked 0 times!
Problem solved in 38 iterations
Safeguard invoked 0 times!
Problem solved in 38 iterations
Safeguard invoked 0 times!
Problem solved in 32 iterations
Safeguard invoked 0 times!
Problem solved in 33 iterations
Safeguard invoked 0 times!
Problem solved in 31 iterations
Safeguard invoked 0 times!
Problem solved in 33 iterations
Safeguard invoked 0 times!
Problem solved in 32 iterations
Safeguard invoked 0 times!
Problem solved in 32 iterations
Safeguard invoked 0 times!
Problem solved in 32 iterations
Safeguard invoked 0 times!
Problem solved in 32 iterations
Safeguard invoked 0 times!
Problem solved in 33 iterations
Safeguard invoked 0 times!
Problem solved in 33 iterations
Safeguard invoked 0 times!
Problem solved in 35 iterations
Safeguard invoked 0 times!
Problem solved in 30 iterations
Safeguard invoked 0 times!
Problem solved in 27 iterations
Safeguard invoked 0 times!
Problem solved in 27 iterations
Safeguard invoked 0 times!
Problem solved in 26 iterations
Safeguard invoked 0 times!
Problem solved in 27 iterations
Safeguard invoked 0 times!
Problem solved in 49 iterations
Safeguard invoked 0 times!
Problem solved in 28 iterations
Safeguard invoked 0 times!
Problem solved in 30 iterations
Safeguard invoked 0 times!
Problem solved in 28 iterations
res_norm = 0.001364 after 100 iterations
res_norm = 0.000038 after 200 iterations
Safeguard invoked 25 times!
Problem solved in 212 iterations
res_norm = 0.000719 after 100 iterations
res_norm = 0.000083 after 200 iterations
res_norm = 0.000080 after 300 iterations
res_norm = 0.000045 after 400 iterations
res_norm = 0.000036 after 500 iterations
res_norm = 0.000009 after 600 iterations
Safeguard invoked 41 times!
Problem solved in 604 iterations
res_norm = 0.000339 after 100 iterations
Safeguard invoked 4 times!
Problem solved in 197 iterations
res_norm = 0.001199 after 100 iterations
Safeguard invoked 6 times!
Problem solved in 154 iterations
res_norm = 0.000845 after 100 iterations
Safeguard invoked 6 times!
Problem solved in 197 iterations
res_norm = 0.001373 after 100 iterations
Safeguard invoked 4 times!
Problem solved in 177 iterations
res_norm = 0.001162 after 100 iterations
Safeguard invoked 4 times!
Problem solved in 171 iterations
res_norm = 0.000480 after 100 iterations
Safeguard invoked 5 times!
Problem solved in 182 iterations
res_norm = 0.000653 after 100 iterations
Safeguard invoked 5 times!
Problem solved in 178 iterations
res_norm = 0.001019 after 100 iterations
Safeguard invoked 5 times!
Problem solved in 195 iterations
res_norm = 0.000212 after 100 iterations
Safeguard invoked 2 times!
Problem solved in 142 iterations
res_norm = 0.000602 after 100 iterations
Safeguard invoked 4 times!
Problem solved in 171 iterations
res_norm = 0.000190 after 100 iterations
Safeguard invoked 3 times!
Problem solved in 157 iterations
res_norm = 0.000387 after 100 iterations
Safeguard invoked 5 times!
Problem solved in 165 iterations
res_norm = 0.000139 after 100 iterations
Safeguard invoked 5 times!
Problem solved in 138 iterations
res_norm = 0.000772 after 100 iterations
Safeguard invoked 5 times!
Problem solved in 171 iterations
res_norm = 0.000662 after 100 iterations
Safeguard invoked 3 times!
Problem solved in 152 iterations
res_norm = 0.000045 after 100 iterations
Safeguard invoked 5 times!
Problem solved in 115 iterations
res_norm = 0.000859 after 100 iterations
res_norm = 0.000014 after 200 iterations
Safeguard invoked 5 times!
Problem solved in 210 iterations
res_norm = 0.001383 after 100 iterations
Safeguard invoked 3 times!
Problem solved in 145 iterations
res_norm = 0.000488 after 100 iterations
Safeguard invoked 2 times!
Problem solved in 156 iterations
res_norm = 0.000089 after 100 iterations
Safeguard invoked 2 times!
Problem solved in 128 iterations
res_norm = 0.000275 after 100 iterations
Safeguard invoked 3 times!
Problem solved in 147 iterations
res_norm = 0.001332 after 100 iterations
Safeguard invoked 4 times!
Problem solved in 164 iterations
res_norm = 0.000111 after 100 iterations
Safeguard invoked 2 times!
Problem solved in 125 iterations
res_norm = 0.000100 after 100 iterations
Safeguard invoked 3 times!
Problem solved in 141 iterations
res_norm = 0.000387 after 100 iterations
Safeguard invoked 5 times!
Problem solved in 126 iterations
res_norm = 0.000051 after 100 iterations
Safeguard invoked 5 times!
Problem solved in 115 iterations
res_norm = 0.001078 after 100 iterations
Safeguard invoked 4 times!
Problem solved in 138 iterations
res_norm = 0.001508 after 100 iterations
Safeguard invoked 6 times!
Problem solved in 153 iterations
res_norm = 0.000248 after 100 iterations
Safeguard invoked 1 times!
Problem solved in 144 iterations
res_norm = 0.000091 after 100 iterations
Safeguard invoked 0 times!
Problem solved in 127 iterations
res_norm = 0.000054 after 100 iterations
Safeguard invoked 2 times!
Problem solved in 120 iterations
res_norm = 0.000719 after 100 iterations
Safeguard invoked 3 times!
Problem solved in 120 iterations
res_norm = 0.000051 after 100 iterations
Safeguard invoked 1 times!
Problem solved in 111 iterations
res_norm = 0.000120 after 100 iterations
Safeguard invoked 2 times!
Problem solved in 135 iterations
res_norm = 0.000285 after 100 iterations
Safeguard invoked 2 times!
Problem solved in 133 iterations
res_norm = 0.000138 after 100 iterations
Safeguard invoked 2 times!
Problem solved in 124 iterations
res_norm = 0.000114 after 100 iterations
Safeguard invoked 2 times!
Problem solved in 135 iterations
res_norm = 0.000095 after 100 iterations
Safeguard invoked 1 times!
Problem solved in 122 iterations
res_norm = 0.000009 after 100 iterations
Safeguard invoked 1 times!
Problem solved in 101 iterations
Safeguard invoked 0 times!
Problem solved in 99 iterations
Safeguard invoked 1 times!
Problem solved in 90 iterations
res_norm = 0.000187 after 100 iterations
Safeguard invoked 1 times!
Problem solved in 129 iterations
Safeguard invoked 1 times!
Problem solved in 80 iterations
res_norm = 0.000044 after 100 iterations
Safeguard invoked 0 times!
Problem solved in 111 iterations
res_norm = 0.000008 after 100 iterations
Safeguard invoked 1 times!
Problem solved in 103 iterations
res_norm = 0.000004 after 100 iterations
Safeguard invoked 0 times!
Problem solved in 103 iterations
res_norm = 0.000171 after 100 iterations
Safeguard invoked 0 times!
Problem solved in 142 iterations
Safeguard invoked 0 times!
Problem solved in 98 iterations
Safeguard invoked 0 times!
Problem solved in 79 iterations
Safeguard invoked 0 times!
Problem solved in 73 iterations
Safeguard invoked 0 times!
Problem solved in 72 iterations
Safeguard invoked 0 times!
Problem solved in 80 iterations
Safeguard invoked 0 times!
Problem solved in 61 iterations
Safeguard invoked 0 times!
Problem solved in 83 iterations
Safeguard invoked 0 times!
Problem solved in 72 iterations
Safeguard invoked 0 times!
Problem solved in 69 iterations
Safeguard invoked 0 times!
Problem solved in 70 iterations
Safeguard invoked 0 times!
Problem solved in 76 iterations
Safeguard invoked 0 times!
Problem solved in 47 iterations
Safeguard invoked 0 times!
Problem solved in 49 iterations
Safeguard invoked 0 times!
Problem solved in 49 iterations
Safeguard invoked 0 times!
Problem solved in 54 iterations
Safeguard invoked 0 times!
Problem solved in 49 iterations
Safeguard invoked 0 times!
Problem solved in 48 iterations
Safeguard invoked 0 times!
Problem solved in 49 iterations
Safeguard invoked 0 times!
Problem solved in 48 iterations
Safeguard invoked 0 times!
Problem solved in 48 iterations
Safeguard invoked 0 times!
Problem solved in 47 iterations
Safeguard invoked 0 times!
Problem solved in 42 iterations
Safeguard invoked 0 times!
Problem solved in 40 iterations
Safeguard invoked 0 times!
Problem solved in 41 iterations
Safeguard invoked 0 times!
Problem solved in 42 iterations
Safeguard invoked 0 times!
Problem solved in 41 iterations
Safeguard invoked 0 times!
Problem solved in 41 iterations
Safeguard invoked 0 times!
Problem solved in 41 iterations
Safeguard invoked 0 times!
Problem solved in 40 iterations
Safeguard invoked 0 times!
Problem solved in 42 iterations
Safeguard invoked 0 times!
Problem solved in 41 iterations
Safeguard invoked 0 times!
Problem solved in 42 iterations
Safeguard invoked 0 times!
Problem solved in 45 iterations
Safeguard invoked 0 times!
Problem solved in 44 iterations
Safeguard invoked 0 times!
Problem solved in 43 iterations
Safeguard invoked 0 times!
Problem solved in 45 iterations
Safeguard invoked 0 times!
Problem solved in 45 iterations
Safeguard invoked 0 times!
Problem solved in 41 iterations
Safeguard invoked 0 times!
Problem solved in 44 iterations
Safeguard invoked 0 times!
Problem solved in 38 iterations
Safeguard invoked 0 times!
Problem solved in 41 iterations
Safeguard invoked 0 times!
Problem solved in 28 iterations
Safeguard invoked 0 times!
Problem solved in 41 iterations
Safeguard invoked 0 times!
Problem solved in 44 iterations
Safeguard invoked 0 times!
Problem solved in 67 iterations
Safeguard invoked 0 times!
Problem solved in 49 iterations
Safeguard invoked 0 times!
Problem solved in 55 iterations
Safeguard invoked 0 times!
Problem solved in 30 iterations
Safeguard invoked 0 times!
Problem solved in 32 iterations
Safeguard invoked 0 times!
Problem solved in 36 iterations
Safeguard invoked 0 times!
Problem solved in 39 iterations
res_norm = 0.002417 after 100 iterations
Safeguard invoked 11 times!
Problem solved in 169 iterations
res_norm = 0.002029 after 100 iterations
Safeguard invoked 9 times!
Problem solved in 158 iterations
res_norm = 0.000703 after 100 iterations
Safeguard invoked 10 times!
Problem solved in 166 iterations
res_norm = 0.000399 after 100 iterations
Safeguard invoked 8 times!
Problem solved in 143 iterations
res_norm = 0.001079 after 100 iterations
Safeguard invoked 11 times!
Problem solved in 186 iterations
res_norm = 0.000536 after 100 iterations
Safeguard invoked 9 times!
Problem solved in 168 iterations
res_norm = 0.000842 after 100 iterations
Safeguard invoked 6 times!
Problem solved in 166 iterations
res_norm = 0.000169 after 100 iterations
Safeguard invoked 7 times!
Problem solved in 144 iterations
res_norm = 0.000973 after 100 iterations
Safeguard invoked 8 times!
Problem solved in 161 iterations
res_norm = 0.000330 after 100 iterations
Safeguard invoked 9 times!
Problem solved in 155 iterations
res_norm = 0.000412 after 100 iterations
Safeguard invoked 9 times!
Problem solved in 156 iterations
res_norm = 0.000273 after 100 iterations
Safeguard invoked 8 times!
Problem solved in 133 iterations
res_norm = 0.000334 after 100 iterations
Safeguard invoked 10 times!
Problem solved in 166 iterations
res_norm = 0.000244 after 100 iterations
Safeguard invoked 9 times!
Problem solved in 172 iterations
res_norm = 0.000145 after 100 iterations
Safeguard invoked 9 times!
Problem solved in 140 iterations
res_norm = 0.000263 after 100 iterations
Safeguard invoked 7 times!
Problem solved in 135 iterations
res_norm = 0.000196 after 100 iterations
Safeguard invoked 7 times!
Problem solved in 144 iterations
res_norm = 0.001035 after 100 iterations
res_norm = 0.000093 after 200 iterations
res_norm = 0.000409 after 300 iterations
Safeguard invoked 22 times!
Problem solved in 310 iterations
res_norm = 0.000362 after 100 iterations
Safeguard invoked 9 times!
Problem solved in 148 iterations
res_norm = 0.000400 after 100 iterations
Safeguard invoked 7 times!
Problem solved in 155 iterations
res_norm = 0.000681 after 100 iterations
Safeguard invoked 7 times!
Problem solved in 167 iterations
res_norm = 0.001251 after 100 iterations
Safeguard invoked 6 times!
Problem solved in 141 iterations
res_norm = 0.000105 after 100 iterations
Safeguard invoked 8 times!
Problem solved in 125 iterations
res_norm = 0.001244 after 100 iterations
Safeguard invoked 7 times!
Problem solved in 167 iterations
res_norm = 0.001711 after 100 iterations
Safeguard invoked 5 times!
Problem solved in 171 iterations
res_norm = 0.000119 after 100 iterations
Safeguard invoked 9 times!
Problem solved in 136 iterations
res_norm = 0.000056 after 100 iterations
Safeguard invoked 7 times!
Problem solved in 121 iterations
res_norm = 0.001230 after 100 iterations
Safeguard invoked 8 times!
Problem solved in 181 iterations
res_norm = 0.000108 after 100 iterations
Safeguard invoked 8 times!
Problem solved in 140 iterations
res_norm = 0.000162 after 100 iterations
Safeguard invoked 6 times!
Problem solved in 131 iterations
res_norm = 0.000058 after 100 iterations
Safeguard invoked 5 times!
Problem solved in 119 iterations
res_norm = 0.000079 after 100 iterations
Safeguard invoked 7 times!
Problem solved in 127 iterations
res_norm = 0.000061 after 100 iterations
Safeguard invoked 6 times!
Problem solved in 117 iterations
res_norm = 0.000008 after 100 iterations
Safeguard invoked 4 times!
Problem solved in 100 iterations
res_norm = 0.000020 after 100 iterations
Safeguard invoked 6 times!
Problem solved in 105 iterations
res_norm = 0.000047 after 100 iterations
Safeguard invoked 5 times!
Problem solved in 121 iterations
res_norm = 0.000289 after 100 iterations
Safeguard invoked 4 times!
Problem solved in 134 iterations
res_norm = 0.000082 after 100 iterations
Safeguard invoked 6 times!
Problem solved in 120 iterations
res_norm = 0.000051 after 100 iterations
Safeguard invoked 5 times!
Problem solved in 115 iterations
Safeguard invoked 5 times!
Problem solved in 97 iterations
Safeguard invoked 5 times!
Problem solved in 83 iterations
Safeguard invoked 3 times!
Problem solved in 97 iterations
Safeguard invoked 4 times!
Problem solved in 93 iterations
Safeguard invoked 3 times!
Problem solved in 89 iterations
Safeguard invoked 3 times!
Problem solved in 97 iterations
Safeguard invoked 2 times!
Problem solved in 87 iterations
Safeguard invoked 3 times!
Problem solved in 88 iterations
res_norm = 0.000017 after 100 iterations
Safeguard invoked 2 times!
Problem solved in 104 iterations
res_norm = 0.000904 after 100 iterations
Safeguard invoked 4 times!
Problem solved in 120 iterations
Safeguard invoked 3 times!
Problem solved in 92 iterations
Safeguard invoked 2 times!
Problem solved in 74 iterations
Safeguard invoked 2 times!
Problem solved in 70 iterations
Safeguard invoked 1 times!
Problem solved in 74 iterations
Safeguard invoked 1 times!
Problem solved in 69 iterations
Safeguard invoked 1 times!
Problem solved in 84 iterations
Safeguard invoked 1 times!
Problem solved in 69 iterations
Safeguard invoked 0 times!
Problem solved in 84 iterations
Safeguard invoked 0 times!
Problem solved in 70 iterations
Safeguard invoked 1 times!
Problem solved in 67 iterations
Safeguard invoked 0 times!
Problem solved in 65 iterations
Safeguard invoked 0 times!
Problem solved in 57 iterations
Safeguard invoked 0 times!
Problem solved in 55 iterations
Safeguard invoked 0 times!
Problem solved in 58 iterations
Safeguard invoked 0 times!
Problem solved in 62 iterations
Safeguard invoked 0 times!
Problem solved in 55 iterations
Safeguard invoked 0 times!
Problem solved in 61 iterations
Safeguard invoked 0 times!
Problem solved in 61 iterations
Safeguard invoked 0 times!
Problem solved in 54 iterations
Safeguard invoked 0 times!
Problem solved in 57 iterations
Safeguard invoked 0 times!
Problem solved in 53 iterations
Safeguard invoked 0 times!
Problem solved in 46 iterations
Safeguard invoked 0 times!
Problem solved in 48 iterations
Safeguard invoked 0 times!
Problem solved in 48 iterations
Safeguard invoked 0 times!
Problem solved in 53 iterations
Safeguard invoked 0 times!
Problem solved in 47 iterations
Safeguard invoked 0 times!
Problem solved in 51 iterations
Safeguard invoked 0 times!
Problem solved in 46 iterations
Safeguard invoked 0 times!
Problem solved in 52 iterations
Safeguard invoked 0 times!
Problem solved in 50 iterations
Safeguard invoked 0 times!
Problem solved in 47 iterations
Safeguard invoked 0 times!
Problem solved in 36 iterations
Safeguard invoked 0 times!
Problem solved in 36 iterations
Safeguard invoked 0 times!
Problem solved in 35 iterations
Safeguard invoked 0 times!
Problem solved in 35 iterations
Safeguard invoked 0 times!
Problem solved in 32 iterations
Safeguard invoked 0 times!
Problem solved in 35 iterations
Safeguard invoked 0 times!
Problem solved in 38 iterations
Safeguard invoked 0 times!
Problem solved in 36 iterations
Safeguard invoked 0 times!
Problem solved in 35 iterations
Safeguard invoked 0 times!
Problem solved in 35 iterations
Safeguard invoked 0 times!
Problem solved in 38 iterations
Safeguard invoked 0 times!
Problem solved in 35 iterations
Safeguard invoked 0 times!
Problem solved in 52 iterations
Safeguard invoked 0 times!
Problem solved in 36 iterations
Safeguard invoked 0 times!
Problem solved in 36 iterations
Safeguard invoked 0 times!
Problem solved in 31 iterations
Safeguard invoked 0 times!
Problem solved in 50 iterations
Safeguard invoked 0 times!
Problem solved in 33 iterations
Safeguard invoked 0 times!
Problem solved in 32 iterations
Safeguard invoked 0 times!
Problem solved in 37 iterations
res_norm = 0.000377 after 100 iterations
Safeguard invoked 14 times!
Problem solved in 155 iterations
res_norm = 0.000317 after 100 iterations
Safeguard invoked 16 times!
Problem solved in 133 iterations
res_norm = 0.000561 after 100 iterations
Safeguard invoked 13 times!
Problem solved in 144 iterations
res_norm = 0.000593 after 100 iterations
Safeguard invoked 16 times!
Problem solved in 126 iterations
res_norm = 0.001813 after 100 iterations
Safeguard invoked 19 times!
Problem solved in 176 iterations
res_norm = 0.000550 after 100 iterations
Safeguard invoked 15 times!
Problem solved in 186 iterations
res_norm = 0.000129 after 100 iterations
Safeguard invoked 13 times!
Problem solved in 140 iterations
res_norm = 0.000537 after 100 iterations
Safeguard invoked 15 times!
Problem solved in 134 iterations
res_norm = 0.000384 after 100 iterations
Safeguard invoked 15 times!
Problem solved in 142 iterations
res_norm = 0.000193 after 100 iterations
Safeguard invoked 14 times!
Problem solved in 133 iterations
res_norm = 0.000159 after 100 iterations
Safeguard invoked 13 times!
Problem solved in 138 iterations
res_norm = 0.000608 after 100 iterations
Safeguard invoked 15 times!
Problem solved in 157 iterations
res_norm = 0.000689 after 100 iterations
Safeguard invoked 10 times!
Problem solved in 126 iterations
res_norm = 0.000359 after 100 iterations
Safeguard invoked 16 times!
Problem solved in 145 iterations
res_norm = 0.000577 after 100 iterations
Safeguard invoked 11 times!
Problem solved in 137 iterations
res_norm = 0.000163 after 100 iterations
Safeguard invoked 17 times!
Problem solved in 127 iterations
res_norm = 0.000564 after 100 iterations
Safeguard invoked 16 times!
Problem solved in 136 iterations
res_norm = 0.000673 after 100 iterations
Safeguard invoked 15 times!
Problem solved in 164 iterations
res_norm = 0.000891 after 100 iterations
Safeguard invoked 16 times!
Problem solved in 143 iterations
res_norm = 0.000152 after 100 iterations
Safeguard invoked 13 times!
Problem solved in 133 iterations
res_norm = 0.000193 after 100 iterations
Safeguard invoked 14 times!
Problem solved in 136 iterations
res_norm = 0.000039 after 100 iterations
Safeguard invoked 15 times!
Problem solved in 112 iterations
res_norm = 0.000119 after 100 iterations
Safeguard invoked 11 times!
Problem solved in 113 iterations
res_norm = 0.000068 after 100 iterations
Safeguard invoked 10 times!
Problem solved in 117 iterations
res_norm = 0.000055 after 100 iterations
Safeguard invoked 11 times!
Problem solved in 115 iterations
res_norm = 0.000050 after 100 iterations
Safeguard invoked 10 times!
Problem solved in 114 iterations
res_norm = 0.000151 after 100 iterations
Safeguard invoked 11 times!
Problem solved in 122 iterations
res_norm = 0.000024 after 100 iterations
Safeguard invoked 11 times!
Problem solved in 107 iterations
res_norm = 0.000443 after 100 iterations
Safeguard invoked 15 times!
Problem solved in 143 iterations
res_norm = 0.000258 after 100 iterations
Safeguard invoked 8 times!
Problem solved in 139 iterations
Safeguard invoked 9 times!
Problem solved in 96 iterations
res_norm = 0.000111 after 100 iterations
Safeguard invoked 8 times!
Problem solved in 113 iterations
res_norm = 0.000075 after 100 iterations
Safeguard invoked 11 times!
Problem solved in 116 iterations
res_norm = 0.000087 after 100 iterations
Safeguard invoked 9 times!
Problem solved in 121 iterations
res_norm = 0.000023 after 100 iterations
Safeguard invoked 9 times!
Problem solved in 106 iterations
res_norm = 0.000358 after 100 iterations
Safeguard invoked 11 times!
Problem solved in 136 iterations
res_norm = 0.000022 after 100 iterations
Safeguard invoked 8 times!
Problem solved in 106 iterations
res_norm = 0.000045 after 100 iterations
Safeguard invoked 6 times!
Problem solved in 112 iterations
res_norm = 0.000309 after 100 iterations
Safeguard invoked 9 times!
Problem solved in 132 iterations
res_norm = 0.000091 after 100 iterations
Safeguard invoked 10 times!
Problem solved in 120 iterations
res_norm = 0.000016 after 100 iterations
Safeguard invoked 7 times!
Problem solved in 103 iterations
Safeguard invoked 7 times!
Problem solved in 98 iterations
res_norm = 0.000044 after 100 iterations
Safeguard invoked 7 times!
Problem solved in 108 iterations
Safeguard invoked 7 times!
Problem solved in 95 iterations
Safeguard invoked 6 times!
Problem solved in 82 iterations
res_norm = 0.000047 after 100 iterations
Safeguard invoked 8 times!
Problem solved in 111 iterations
Safeguard invoked 6 times!
Problem solved in 90 iterations
res_norm = 0.000025 after 100 iterations
Safeguard invoked 7 times!
Problem solved in 109 iterations
res_norm = 0.000014 after 100 iterations
Safeguard invoked 7 times!
Problem solved in 103 iterations
res_norm = 0.000068 after 100 iterations
Safeguard invoked 5 times!
Problem solved in 117 iterations
Safeguard invoked 4 times!
Problem solved in 72 iterations
Safeguard invoked 5 times!
Problem solved in 77 iterations
Safeguard invoked 5 times!
Problem solved in 83 iterations
Safeguard invoked 5 times!
Problem solved in 80 iterations
Safeguard invoked 4 times!
Problem solved in 89 iterations
Safeguard invoked 4 times!
Problem solved in 74 iterations
Safeguard invoked 5 times!
Problem solved in 76 iterations
Safeguard invoked 4 times!
Problem solved in 75 iterations
Safeguard invoked 2 times!
Problem solved in 92 iterations
Safeguard invoked 4 times!
Problem solved in 73 iterations
Safeguard invoked 2 times!
Problem solved in 69 iterations
Safeguard invoked 2 times!
Problem solved in 69 iterations
Safeguard invoked 2 times!
Problem solved in 59 iterations
Safeguard invoked 1 times!
Problem solved in 75 iterations
Safeguard invoked 2 times!
Problem solved in 67 iterations
Safeguard invoked 1 times!
Problem solved in 60 iterations
Safeguard invoked 2 times!
Problem solved in 64 iterations
Safeguard invoked 2 times!
Problem solved in 60 iterations
Safeguard invoked 2 times!
Problem solved in 63 iterations
Safeguard invoked 2 times!
Problem solved in 63 iterations
Safeguard invoked 0 times!
Problem solved in 48 iterations
Safeguard invoked 1 times!
Problem solved in 49 iterations
Safeguard invoked 1 times!
Problem solved in 48 iterations
Safeguard invoked 1 times!
Problem solved in 47 iterations
Safeguard invoked 0 times!
Problem solved in 50 iterations
Safeguard invoked 1 times!
Problem solved in 43 iterations
Safeguard invoked 0 times!
Problem solved in 48 iterations
Safeguard invoked 1 times!
Problem solved in 56 iterations
Safeguard invoked 1 times!
Problem solved in 53 iterations
Safeguard invoked 1 times!
Problem solved in 42 iterations
Safeguard invoked 0 times!
Problem solved in 35 iterations
Safeguard invoked 0 times!
Problem solved in 37 iterations
Safeguard invoked 0 times!
Problem solved in 37 iterations
Safeguard invoked 0 times!
Problem solved in 37 iterations
Safeguard invoked 0 times!
Problem solved in 45 iterations
Safeguard invoked 0 times!
Problem solved in 37 iterations
Safeguard invoked 0 times!
Problem solved in 35 iterations
Safeguard invoked 0 times!
Problem solved in 35 iterations
Safeguard invoked 0 times!
Problem solved in 38 iterations
Safeguard invoked 0 times!
Problem solved in 39 iterations
Safeguard invoked 0 times!
Problem solved in 25 iterations
Safeguard invoked 0 times!
Problem solved in 27 iterations
Safeguard invoked 0 times!
Problem solved in 28 iterations
Safeguard invoked 0 times!
Problem solved in 25 iterations
Safeguard invoked 0 times!
Problem solved in 27 iterations
Safeguard invoked 0 times!
Problem solved in 27 iterations
Safeguard invoked 0 times!
Problem solved in 26 iterations
Safeguard invoked 0 times!
Problem solved in 25 iterations
Safeguard invoked 0 times!
Problem solved in 26 iterations
Safeguard invoked 0 times!
Problem solved in 25 iterations
res_norm = 0.000042 after 100 iterations
Safeguard invoked 15 times!
Problem solved in 114 iterations
res_norm = 0.000040 after 100 iterations
Safeguard invoked 17 times!
Problem solved in 111 iterations
res_norm = 0.000658 after 100 iterations
Safeguard invoked 17 times!
Problem solved in 130 iterations
res_norm = 0.000075 after 100 iterations
Safeguard invoked 14 times!
Problem solved in 119 iterations
res_norm = 0.000475 after 100 iterations
Safeguard invoked 17 times!
Problem solved in 124 iterations
res_norm = 0.000727 after 100 iterations
Safeguard invoked 20 times!
Problem solved in 159 iterations
res_norm = 0.000168 after 100 iterations
Safeguard invoked 18 times!
Problem solved in 145 iterations
res_norm = 0.000569 after 100 iterations
Safeguard invoked 17 times!
Problem solved in 130 iterations
res_norm = 0.000224 after 100 iterations
Safeguard invoked 17 times!
Problem solved in 126 iterations
res_norm = 0.000195 after 100 iterations
Safeguard invoked 16 times!
Problem solved in 125 iterations
res_norm = 0.000127 after 100 iterations
Safeguard invoked 22 times!
Problem solved in 123 iterations
res_norm = 0.000310 after 100 iterations
Safeguard invoked 17 times!
Problem solved in 122 iterations
res_norm = 0.000035 after 100 iterations
Safeguard invoked 17 times!
Problem solved in 111 iterations
res_norm = 0.000029 after 100 iterations
Safeguard invoked 17 times!
Problem solved in 109 iterations
res_norm = 0.000080 after 100 iterations
Safeguard invoked 13 times!
Problem solved in 116 iterations
res_norm = 0.000038 after 100 iterations
Safeguard invoked 14 times!
Problem solved in 111 iterations
res_norm = 0.000075 after 100 iterations
Safeguard invoked 16 times!
Problem solved in 130 iterations
res_norm = 0.000134 after 100 iterations
Safeguard invoked 19 times!
Problem solved in 124 iterations
res_norm = 0.000185 after 100 iterations
Safeguard invoked 17 times!
Problem solved in 130 iterations
res_norm = 0.000209 after 100 iterations
Safeguard invoked 15 times!
Problem solved in 118 iterations
res_norm = 0.000277 after 100 iterations
Safeguard invoked 16 times!
Problem solved in 137 iterations
res_norm = 0.000069 after 100 iterations
Safeguard invoked 16 times!
Problem solved in 112 iterations
Safeguard invoked 13 times!
Problem solved in 99 iterations
res_norm = 0.000040 after 100 iterations
Safeguard invoked 15 times!
Problem solved in 115 iterations
res_norm = 0.000232 after 100 iterations
Safeguard invoked 12 times!
Problem solved in 140 iterations
res_norm = 0.000042 after 100 iterations
Safeguard invoked 15 times!
Problem solved in 113 iterations
res_norm = 0.000128 after 100 iterations
Safeguard invoked 15 times!
Problem solved in 114 iterations
res_norm = 0.000058 after 100 iterations
Safeguard invoked 13 times!
Problem solved in 117 iterations
res_norm = 0.000023 after 100 iterations
Safeguard invoked 15 times!
Problem solved in 106 iterations
Safeguard invoked 13 times!
Problem solved in 98 iterations
res_norm = 0.000013 after 100 iterations
Safeguard invoked 15 times!
Problem solved in 100 iterations
res_norm = 0.000285 after 100 iterations
Safeguard invoked 12 times!
Problem solved in 126 iterations
Safeguard invoked 11 times!
Problem solved in 93 iterations
Safeguard invoked 12 times!
Problem solved in 98 iterations
res_norm = 0.000041 after 100 iterations
Safeguard invoked 11 times!
Problem solved in 112 iterations
Safeguard invoked 12 times!
Problem solved in 99 iterations
res_norm = 0.000026 after 100 iterations
Safeguard invoked 12 times!
Problem solved in 109 iterations
res_norm = 0.000009 after 100 iterations
Safeguard invoked 12 times!
Problem solved in 100 iterations
res_norm = 0.000015 after 100 iterations
Safeguard invoked 14 times!
Problem solved in 104 iterations
Safeguard invoked 10 times!
Problem solved in 89 iterations
Safeguard invoked 12 times!
Problem solved in 84 iterations
Safeguard invoked 9 times!
Problem solved in 95 iterations
Safeguard invoked 11 times!
Problem solved in 83 iterations
Safeguard invoked 11 times!
Problem solved in 95 iterations
Safeguard invoked 9 times!
Problem solved in 81 iterations
Safeguard invoked 10 times!
Problem solved in 83 iterations
Safeguard invoked 10 times!
Problem solved in 86 iterations
Safeguard invoked 10 times!
Problem solved in 87 iterations
Safeguard invoked 11 times!
Problem solved in 90 iterations
Safeguard invoked 9 times!
Problem solved in 95 iterations
Safeguard invoked 9 times!
Problem solved in 91 iterations
Safeguard invoked 9 times!
Problem solved in 73 iterations
Safeguard invoked 7 times!
Problem solved in 68 iterations
Safeguard invoked 9 times!
Problem solved in 85 iterations
Safeguard invoked 7 times!
Problem solved in 75 iterations
Safeguard invoked 8 times!
Problem solved in 76 iterations
Safeguard invoked 8 times!
Problem solved in 69 iterations
Safeguard invoked 8 times!
Problem solved in 77 iterations
Safeguard invoked 8 times!
Problem solved in 84 iterations
Safeguard invoked 8 times!
Problem solved in 71 iterations
Safeguard invoked 6 times!
Problem solved in 54 iterations
Safeguard invoked 5 times!
Problem solved in 84 iterations
Safeguard invoked 4 times!
Problem solved in 62 iterations
Safeguard invoked 3 times!
Problem solved in 56 iterations
Safeguard invoked 4 times!
Problem solved in 53 iterations
Safeguard invoked 5 times!
Problem solved in 59 iterations
Safeguard invoked 4 times!
Problem solved in 60 iterations
Safeguard invoked 3 times!
Problem solved in 62 iterations
Safeguard invoked 6 times!
Problem solved in 56 iterations
Safeguard invoked 5 times!
Problem solved in 63 iterations
Safeguard invoked 1 times!
Problem solved in 49 iterations
Safeguard invoked 1 times!
Problem solved in 44 iterations
Safeguard invoked 1 times!
Problem solved in 43 iterations
Safeguard invoked 1 times!
Problem solved in 43 iterations
Safeguard invoked 1 times!
Problem solved in 46 iterations
Safeguard invoked 1 times!
Problem solved in 45 iterations
Safeguard invoked 1 times!
Problem solved in 48 iterations
Safeguard invoked 1 times!
Problem solved in 44 iterations
Safeguard invoked 1 times!
Problem solved in 57 iterations
Safeguard invoked 1 times!
Problem solved in 41 iterations
Safeguard invoked 0 times!
Problem solved in 40 iterations
Safeguard invoked 0 times!
Problem solved in 42 iterations
Safeguard invoked 0 times!
Problem solved in 37 iterations
Safeguard invoked 0 times!
Problem solved in 46 iterations
Safeguard invoked 0 times!
Problem solved in 41 iterations
Safeguard invoked 0 times!
Problem solved in 36 iterations
Safeguard invoked 0 times!
Problem solved in 31 iterations
Safeguard invoked 0 times!
Problem solved in 46 iterations
Safeguard invoked 0 times!
Problem solved in 46 iterations
Safeguard invoked 0 times!
Problem solved in 41 iterations
Safeguard invoked 0 times!
Problem solved in 30 iterations
Safeguard invoked 0 times!
Problem solved in 32 iterations
Safeguard invoked 0 times!
Problem solved in 31 iterations
Safeguard invoked 0 times!
Problem solved in 33 iterations
Safeguard invoked 0 times!
Problem solved in 32 iterations
Safeguard invoked 0 times!
Problem solved in 31 iterations
Safeguard invoked 0 times!
Problem solved in 33 iterations
Safeguard invoked 0 times!
Problem solved in 32 iterations
Safeguard invoked 0 times!
Problem solved in 31 iterations
Safeguard invoked 0 times!
Problem solved in 34 iterations
res_norm = 0.000016 after 100 iterations
Safeguard invoked 22 times!
Problem solved in 104 iterations
res_norm = 0.000115 after 100 iterations
Safeguard invoked 24 times!
Problem solved in 120 iterations
res_norm = 0.000084 after 100 iterations
Safeguard invoked 20 times!
Problem solved in 119 iterations
res_norm = 0.000016 after 100 iterations
Safeguard invoked 18 times!
Problem solved in 103 iterations
Safeguard invoked 21 times!
Problem solved in 98 iterations
Safeguard invoked 14 times!
Problem solved in 95 iterations
res_norm = 0.000032 after 100 iterations
Safeguard invoked 18 times!
Problem solved in 109 iterations
res_norm = 0.000058 after 100 iterations
Safeguard invoked 21 times!
Problem solved in 111 iterations
res_norm = 0.000183 after 100 iterations
Safeguard invoked 19 times!
Problem solved in 128 iterations
res_norm = 0.000159 after 100 iterations
Safeguard invoked 22 times!
Problem solved in 125 iterations
res_norm = 0.000009 after 100 iterations
Safeguard invoked 19 times!
Problem solved in 101 iterations
Safeguard invoked 17 times!
Problem solved in 92 iterations
res_norm = 0.000111 after 100 iterations
Safeguard invoked 18 times!
Problem solved in 141 iterations
res_norm = 0.000053 after 100 iterations
Safeguard invoked 16 times!
Problem solved in 114 iterations
Safeguard invoked 21 times!
Problem solved in 94 iterations
res_norm = 0.000070 after 100 iterations
Safeguard invoked 15 times!
Problem solved in 112 iterations
Safeguard invoked 17 times!
Problem solved in 93 iterations
Safeguard invoked 17 times!
Problem solved in 90 iterations
res_norm = 0.000082 after 100 iterations
Safeguard invoked 27 times!
Problem solved in 117 iterations
res_norm = 0.000385 after 100 iterations
Safeguard invoked 24 times!
Problem solved in 133 iterations
Safeguard invoked 18 times!
Problem solved in 98 iterations
Safeguard invoked 18 times!
Problem solved in 93 iterations
Safeguard invoked 17 times!
Problem solved in 97 iterations
res_norm = 0.000008 after 100 iterations
Safeguard invoked 20 times!
Problem solved in 101 iterations
res_norm = 0.001074 after 100 iterations
Safeguard invoked 21 times!
Problem solved in 130 iterations
Safeguard invoked 16 times!
Problem solved in 84 iterations
Safeguard invoked 17 times!
Problem solved in 97 iterations
Safeguard invoked 15 times!
Problem solved in 88 iterations
res_norm = 0.000013 after 100 iterations
Safeguard invoked 18 times!
Problem solved in 103 iterations
res_norm = 0.000016 after 100 iterations
Safeguard invoked 20 times!
Problem solved in 107 iterations
Safeguard invoked 16 times!
Problem solved in 83 iterations
Safeguard invoked 17 times!
Problem solved in 93 iterations
Safeguard invoked 16 times!
Problem solved in 96 iterations
Safeguard invoked 15 times!
Problem solved in 86 iterations
Safeguard invoked 15 times!
Problem solved in 87 iterations
Safeguard invoked 15 times!
Problem solved in 86 iterations
Safeguard invoked 16 times!
Problem solved in 91 iterations
res_norm = 0.000069 after 100 iterations
Safeguard invoked 16 times!
Problem solved in 112 iterations
res_norm = 0.000018 after 100 iterations
Safeguard invoked 21 times!
Problem solved in 105 iterations
res_norm = 0.000025 after 100 iterations
Safeguard invoked 18 times!
Problem solved in 109 iterations
Safeguard invoked 12 times!
Problem solved in 66 iterations
Safeguard invoked 14 times!
Problem solved in 71 iterations
Safeguard invoked 15 times!
Problem solved in 82 iterations
Safeguard invoked 14 times!
Problem solved in 73 iterations
Safeguard invoked 13 times!
Problem solved in 79 iterations
Safeguard invoked 13 times!
Problem solved in 69 iterations
Safeguard invoked 13 times!
Problem solved in 73 iterations
Safeguard invoked 16 times!
Problem solved in 79 iterations
Safeguard invoked 14 times!
Problem solved in 72 iterations
Safeguard invoked 13 times!
Problem solved in 69 iterations
Safeguard invoked 11 times!
Problem solved in 75 iterations
Safeguard invoked 10 times!
Problem solved in 69 iterations
Safeguard invoked 9 times!
Problem solved in 71 iterations
Safeguard invoked 11 times!
Problem solved in 62 iterations
Safeguard invoked 10 times!
Problem solved in 58 iterations
Safeguard invoked 10 times!
Problem solved in 64 iterations
Safeguard invoked 9 times!
Problem solved in 67 iterations
Safeguard invoked 9 times!
Problem solved in 70 iterations
Safeguard invoked 11 times!
Problem solved in 75 iterations
Safeguard invoked 11 times!
Problem solved in 67 iterations
Safeguard invoked 8 times!
Problem solved in 63 iterations
Safeguard invoked 8 times!
Problem solved in 56 iterations
Safeguard invoked 8 times!
Problem solved in 57 iterations
Safeguard invoked 8 times!
Problem solved in 68 iterations
Safeguard invoked 7 times!
Problem solved in 51 iterations
Safeguard invoked 6 times!
Problem solved in 55 iterations
Safeguard invoked 7 times!
Problem solved in 63 iterations
Safeguard invoked 7 times!
Problem solved in 53 iterations
Safeguard invoked 7 times!
Problem solved in 49 iterations
Safeguard invoked 4 times!
Problem solved in 49 iterations
Safeguard invoked 3 times!
Problem solved in 45 iterations
Safeguard invoked 1 times!
Problem solved in 40 iterations
Safeguard invoked 3 times!
Problem solved in 37 iterations
Safeguard invoked 2 times!
Problem solved in 38 iterations
Safeguard invoked 4 times!
Problem solved in 39 iterations
Safeguard invoked 1 times!
Problem solved in 38 iterations
Safeguard invoked 2 times!
Problem solved in 35 iterations
Safeguard invoked 4 times!
Problem solved in 35 iterations
Safeguard invoked 3 times!
Problem solved in 39 iterations
Safeguard invoked 1 times!
Problem solved in 40 iterations
Safeguard invoked 0 times!
Problem solved in 28 iterations
Safeguard invoked 0 times!
Problem solved in 33 iterations
Safeguard invoked 0 times!
Problem solved in 31 iterations
Safeguard invoked 0 times!
Problem solved in 31 iterations
Safeguard invoked 0 times!
Problem solved in 33 iterations
Safeguard invoked 0 times!
Problem solved in 35 iterations
Safeguard invoked 0 times!
Problem solved in 30 iterations
Safeguard invoked 0 times!
Problem solved in 32 iterations
Safeguard invoked 0 times!
Problem solved in 33 iterations
Safeguard invoked 0 times!
Problem solved in 35 iterations
Safeguard invoked 0 times!
Problem solved in 31 iterations
Safeguard invoked 0 times!
Problem solved in 32 iterations
Safeguard invoked 0 times!
Problem solved in 31 iterations
Safeguard invoked 0 times!
Problem solved in 33 iterations
Safeguard invoked 0 times!
Problem solved in 33 iterations
Safeguard invoked 0 times!
Problem solved in 32 iterations
Safeguard invoked 0 times!
Problem solved in 30 iterations
Safeguard invoked 0 times!
Problem solved in 30 iterations
Safeguard invoked 0 times!
Problem solved in 31 iterations
Safeguard invoked 0 times!
Problem solved in 33 iterations
res_norm = 0.001119 after 100 iterations
res_norm = 0.001137 after 200 iterations
res_norm = 0.001278 after 300 iterations
res_norm = 0.001245 after 400 iterations
res_norm = 0.001420 after 500 iterations
res_norm = 0.001278 after 600 iterations
res_norm = 0.001162 after 700 iterations
res_norm = 0.000316 after 800 iterations
res_norm = 0.001374 after 900 iterations
res_norm = 0.001120 after 1000 iterations
Safeguard invoked 1030 times!
Problem solved in 1085 iterations
Safeguard invoked 38 times!
Problem solved in 64 iterations
res_norm = 0.000549 after 100 iterations
Safeguard invoked 113 times!
Problem solved in 148 iterations
res_norm = 0.000724 after 100 iterations
res_norm = 0.000653 after 200 iterations
res_norm = 0.000169 after 300 iterations
res_norm = 0.000752 after 400 iterations
res_norm = 0.000633 after 500 iterations
res_norm = 0.000683 after 600 iterations
res_norm = 0.000751 after 700 iterations
res_norm = 0.000641 after 800 iterations
res_norm = 0.000694 after 900 iterations
res_norm = 0.000650 after 1000 iterations
res_norm = 0.000144 after 1100 iterations
res_norm = 0.000152 after 1200 iterations
res_norm = 0.000707 after 1300 iterations
Safeguard invoked 1264 times!
Problem solved in 1370 iterations
res_norm = 0.000511 after 100 iterations
Safeguard invoked 85 times!
Problem solved in 132 iterations
Safeguard invoked 63 times!
Problem solved in 84 iterations
Safeguard invoked 49 times!
Problem solved in 79 iterations
res_norm = 0.001662 after 100 iterations
Safeguard invoked 89 times!
Problem solved in 117 iterations
Safeguard invoked 67 times!
Problem solved in 89 iterations
res_norm = 0.000774 after 100 iterations
Safeguard invoked 84 times!
Problem solved in 112 iterations
res_norm = 0.001224 after 100 iterations
res_norm = 0.001112 after 200 iterations
res_norm = 0.001019 after 300 iterations
res_norm = 0.001228 after 400 iterations
res_norm = 0.001113 after 500 iterations
res_norm = 0.001017 after 600 iterations
res_norm = 0.001223 after 700 iterations
res_norm = 0.001077 after 800 iterations
res_norm = 0.000163 after 900 iterations
res_norm = 0.000136 after 1000 iterations
Safeguard invoked 971 times!
Problem solved in 1069 iterations
Safeguard invoked 25 times!
Problem solved in 57 iterations
Safeguard invoked 55 times!
Problem solved in 89 iterations
Safeguard invoked 30 times!
Problem solved in 60 iterations
res_norm = 0.000218 after 100 iterations
Safeguard invoked 54 times!
Problem solved in 130 iterations
Safeguard invoked 13 times!
Problem solved in 46 iterations
Safeguard invoked 42 times!
Problem solved in 73 iterations
Safeguard invoked 59 times!
Problem solved in 83 iterations
res_norm = 0.001653 after 100 iterations
Safeguard invoked 108 times!
Problem solved in 134 iterations
Safeguard invoked 43 times!
Problem solved in 71 iterations
Safeguard invoked 54 times!
Problem solved in 86 iterations
res_norm = 0.000000 after 100 iterations
Safeguard invoked 41 times!
Problem solved in 103 iterations
res_norm = 0.000208 after 100 iterations
Safeguard invoked 49 times!
Problem solved in 144 iterations
Safeguard invoked 30 times!
Problem solved in 60 iterations
Safeguard invoked 19 times!
Problem solved in 48 iterations
res_norm = 0.000194 after 100 iterations
Safeguard invoked 46 times!
Problem solved in 141 iterations
Safeguard invoked 43 times!
Problem solved in 88 iterations
Safeguard invoked 33 times!
Problem solved in 69 iterations
Safeguard invoked 56 times!
Problem solved in 83 iterations
Safeguard invoked 18 times!
Problem solved in 56 iterations
Safeguard invoked 23 times!
Problem solved in 65 iterations
Safeguard invoked 16 times!
Problem solved in 52 iterations
Safeguard invoked 13 times!
Problem solved in 45 iterations
Safeguard invoked 32 times!
Problem solved in 68 iterations
Safeguard invoked 12 times!
Problem solved in 41 iterations
Safeguard invoked 23 times!
Problem solved in 49 iterations
Safeguard invoked 39 times!
Problem solved in 71 iterations
Safeguard invoked 23 times!
Problem solved in 49 iterations
Safeguard invoked 38 times!
Problem solved in 66 iterations
Safeguard invoked 17 times!
Problem solved in 73 iterations
Safeguard invoked 17 times!
Problem solved in 46 iterations
Safeguard invoked 12 times!
Problem solved in 39 iterations
res_norm = 0.000368 after 100 iterations
res_norm = 0.000001 after 200 iterations
Safeguard invoked 134 times!
Problem solved in 204 iterations
Safeguard invoked 18 times!
Problem solved in 45 iterations
Safeguard invoked 18 times!
Problem solved in 43 iterations
Safeguard invoked 13 times!
Problem solved in 37 iterations
Safeguard invoked 16 times!
Problem solved in 45 iterations
Safeguard invoked 15 times!
Problem solved in 43 iterations
Safeguard invoked 17 times!
Problem solved in 51 iterations
Safeguard invoked 16 times!
Problem solved in 42 iterations
Safeguard invoked 12 times!
Problem solved in 33 iterations
Safeguard invoked 10 times!
Problem solved in 39 iterations
Safeguard invoked 14 times!
Problem solved in 45 iterations
Safeguard invoked 17 times!
Problem solved in 43 iterations
Safeguard invoked 7 times!
Problem solved in 31 iterations
Safeguard invoked 12 times!
Problem solved in 31 iterations
Safeguard invoked 17 times!
Problem solved in 48 iterations
Safeguard invoked 14 times!
Problem solved in 38 iterations
Safeguard invoked 13 times!
Problem solved in 35 iterations
Safeguard invoked 12 times!
Problem solved in 39 iterations
Safeguard invoked 20 times!
Problem solved in 44 iterations
Safeguard invoked 10 times!
Problem solved in 33 iterations
Safeguard invoked 14 times!
Problem solved in 35 iterations
Safeguard invoked 13 times!
Problem solved in 42 iterations
Safeguard invoked 14 times!
Problem solved in 41 iterations
Safeguard invoked 11 times!
Problem solved in 37 iterations
Safeguard invoked 22 times!
Problem solved in 52 iterations
Safeguard invoked 14 times!
Problem solved in 42 iterations
Safeguard invoked 11 times!
Problem solved in 40 iterations
Safeguard invoked 13 times!
Problem solved in 37 iterations
Safeguard invoked 0 times!
Problem solved in 5 iterations
Safeguard invoked 0 times!
Problem solved in 23 iterations
Safeguard invoked 0 times!
Problem solved in 20 iterations
Safeguard invoked 0 times!
Problem solved in 20 iterations
Safeguard invoked 0 times!
Problem solved in 5 iterations
Safeguard invoked 0 times!
Problem solved in 16 iterations
Safeguard invoked 0 times!
Problem solved in 5 iterations
Safeguard invoked 0 times!
Problem solved in 5 iterations
Safeguard invoked 0 times!
Problem solved in 18 iterations
Safeguard invoked 0 times!
Problem solved in 79 iterations
Safeguard invoked 0 times!
Problem solved in 5 iterations
Safeguard invoked 0 times!
Problem solved in 5 iterations
Safeguard invoked 0 times!
Problem solved in 5 iterations
Safeguard invoked 0 times!
Problem solved in 5 iterations
Safeguard invoked 0 times!
Problem solved in 5 iterations
Safeguard invoked 0 times!
Problem solved in 5 iterations
Safeguard invoked 0 times!
Problem solved in 5 iterations
Safeguard invoked 0 times!
Problem solved in 5 iterations
Safeguard invoked 0 times!
Problem solved in 5 iterations
Safeguard invoked 0 times!
Problem solved in 5 iterations
Safeguard invoked 0 times!
Problem solved in 5 iterations
Safeguard invoked 0 times!
Problem solved in 5 iterations
Safeguard invoked 0 times!
Problem solved in 5 iterations
Safeguard invoked 0 times!
Problem solved in 5 iterations
Safeguard invoked 0 times!
Problem solved in 5 iterations
Safeguard invoked 0 times!
Problem solved in 5 iterations
Safeguard invoked 0 times!
Problem solved in 5 iterations
Safeguard invoked 0 times!
Problem solved in 5 iterations
Safeguard invoked 0 times!
Problem solved in 5 iterations
Safeguard invoked 0 times!
Problem solved in 5 iterations
Elapsed time is 2039.429817 seconds.
Best lambda1: 46.4159
Best lambda2: 129.155
Best R2 score: 0.44542
Safeguard invoked 0 times!
Problem solved in 70 iterations
test R2:0.4558
